{"name":"Verify the user is able to Add users","status":"broken","statusDetails":{"known":false,"muted":false,"flaky":false,"message":"stale element reference: stale element not found in the current frame\n  (Session info: chrome=127.0.6533.89)\nFor documentation on this error, please visit: https://www.selenium.dev/documentation/webdriver/troubleshooting/errors#stale-element-reference-exception\nBuild info: version: '4.11.0', revision: '040bc5406b'\nSystem info: os.name: 'Windows 11', os.arch: 'amd64', os.version: '10.0', java.version: '22.0.2'\nDriver info: org.openqa.selenium.chrome.ChromeDriver\nCommand: [23cfbd93bf11f0184812dc1407fe9807, clickElement {id=f.9D4170F6DAC17FC86BD274B67827D460.d.00E5CF8184913F605FE1D2D15D08313B.e.42}]\nCapabilities {acceptInsecureCerts: false, browserName: chrome, browserVersion: 127.0.6533.89, chrome: {chromedriverVersion: 127.0.6533.88 (a2d0cb026721..., userDataDir: C:\\Users\\FaizaS\\AppData\\Loc...}, fedcm:accounts: true, goog:chromeOptions: {debuggerAddress: localhost:56272}, networkConnectionEnabled: false, pageLoadStrategy: normal, platformName: windows, proxy: Proxy(), se:cdp: ws://localhost:56272/devtoo..., se:cdpVersion: 127.0.6533.89, setWindowRect: true, strictFileInteractability: false, timeouts: {implicit: 0, pageLoad: 300000, script: 30000}, unhandledPromptBehavior: dismiss and notify, webauthn:extension:credBlob: true, webauthn:extension:largeBlob: true, webauthn:extension:minPinLength: true, webauthn:extension:prf: true, webauthn:virtualAuthenticators: true}\nElement: [[ChromeDriver: chrome on windows (23cfbd93bf11f0184812dc1407fe9807)] -> xpath: //div[@data-pw='Workspace Settings']//a[@data-pw='users']]\nSession ID: 23cfbd93bf11f0184812dc1407fe9807","trace":"org.openqa.selenium.StaleElementReferenceException: stale element reference: stale element not found in the current frame\n  (Session info: chrome=127.0.6533.89)\nFor documentation on this error, please visit: https://www.selenium.dev/documentation/webdriver/troubleshooting/errors#stale-element-reference-exception\nBuild info: version: '4.11.0', revision: '040bc5406b'\nSystem info: os.name: 'Windows 11', os.arch: 'amd64', os.version: '10.0', java.version: '22.0.2'\nDriver info: org.openqa.selenium.chrome.ChromeDriver\nCommand: [23cfbd93bf11f0184812dc1407fe9807, clickElement {id=f.9D4170F6DAC17FC86BD274B67827D460.d.00E5CF8184913F605FE1D2D15D08313B.e.42}]\nCapabilities {acceptInsecureCerts: false, browserName: chrome, browserVersion: 127.0.6533.89, chrome: {chromedriverVersion: 127.0.6533.88 (a2d0cb026721..., userDataDir: C:\\Users\\FaizaS\\AppData\\Loc...}, fedcm:accounts: true, goog:chromeOptions: {debuggerAddress: localhost:56272}, networkConnectionEnabled: false, pageLoadStrategy: normal, platformName: windows, proxy: Proxy(), se:cdp: ws://localhost:56272/devtoo..., se:cdpVersion: 127.0.6533.89, setWindowRect: true, strictFileInteractability: false, timeouts: {implicit: 0, pageLoad: 300000, script: 30000}, unhandledPromptBehavior: dismiss and notify, webauthn:extension:credBlob: true, webauthn:extension:largeBlob: true, webauthn:extension:minPinLength: true, webauthn:extension:prf: true, webauthn:virtualAuthenticators: true}\nElement: [[ChromeDriver: chrome on windows (23cfbd93bf11f0184812dc1407fe9807)] -> xpath: //div[@data-pw='Workspace Settings']//a[@data-pw='users']]\nSession ID: 23cfbd93bf11f0184812dc1407fe9807\r\n\tat java.base/jdk.internal.reflect.DirectConstructorHandleAccessor.newInstance(DirectConstructorHandleAccessor.java:62)\r\n\tat java.base/java.lang.reflect.Constructor.newInstanceWithCaller(Constructor.java:502)\r\n\tat java.base/java.lang.reflect.Constructor.newInstance(Constructor.java:486)\r\n\tat org.openqa.selenium.remote.codec.w3c.W3CHttpResponseCodec.createException(W3CHttpResponseCodec.java:200)\r\n\tat org.openqa.selenium.remote.codec.w3c.W3CHttpResponseCodec.decode(W3CHttpResponseCodec.java:133)\r\n\tat org.openqa.selenium.remote.codec.w3c.W3CHttpResponseCodec.decode(W3CHttpResponseCodec.java:52)\r\n\tat org.openqa.selenium.remote.HttpCommandExecutor.execute(HttpCommandExecutor.java:191)\r\n\tat org.openqa.selenium.remote.service.DriverCommandExecutor.invokeExecute(DriverCommandExecutor.java:196)\r\n\tat org.openqa.selenium.remote.service.DriverCommandExecutor.execute(DriverCommandExecutor.java:171)\r\n\tat org.openqa.selenium.remote.RemoteWebDriver.execute(RemoteWebDriver.java:518)\r\n\tat org.openqa.selenium.remote.RemoteWebElement.execute(RemoteWebElement.java:224)\r\n\tat org.openqa.selenium.remote.RemoteWebElement.click(RemoteWebElement.java:77)\r\n\tat Utils.CommonFunctionalities.clickButton(CommonFunctionalities.java:57)\r\n\tat Pages.PageClass.click(PageClass.java:47)\r\n\tat StepDefination.SDClass.userClickOnThe(SDClass.java:85)\r\n\tat ✽.user click on the \"Users\"(file:///C:/Users/FaizaS/Documents/Assessment/Selenium_BDD_Automation_Framework-master/Selenium_BDD_Automation_Framework-master/src/test/resources/Features/Features.feature:16)\r\n"},"stage":"finished","steps":[{"name":"Then  user click on the \"Setting_Icon\"","status":"passed","statusDetails":{"known":false,"muted":false,"flaky":false},"stage":"finished","steps":[],"attachments":[],"parameters":[],"start":1722778108368,"stop":1722778111023},{"name":"Then  user click on the \"Users\"","status":"broken","statusDetails":{"known":false,"muted":false,"flaky":false,"message":"stale element reference: stale element not found in the current frame\n  (Session info: chrome=127.0.6533.89)\nFor documentation on this error, please visit: https://www.selenium.dev/documentation/webdriver/troubleshooting/errors#stale-element-reference-exception\nBuild info: version: '4.11.0', revision: '040bc5406b'\nSystem info: os.name: 'Windows 11', os.arch: 'amd64', os.version: '10.0', java.version: '22.0.2'\nDriver info: org.openqa.selenium.chrome.ChromeDriver\nCommand: [23cfbd93bf11f0184812dc1407fe9807, clickElement {id=f.9D4170F6DAC17FC86BD274B67827D460.d.00E5CF8184913F605FE1D2D15D08313B.e.42}]\nCapabilities {acceptInsecureCerts: false, browserName: chrome, browserVersion: 127.0.6533.89, chrome: {chromedriverVersion: 127.0.6533.88 (a2d0cb026721..., userDataDir: C:\\Users\\FaizaS\\AppData\\Loc...}, fedcm:accounts: true, goog:chromeOptions: {debuggerAddress: localhost:56272}, networkConnectionEnabled: false, pageLoadStrategy: normal, platformName: windows, proxy: Proxy(), se:cdp: ws://localhost:56272/devtoo..., se:cdpVersion: 127.0.6533.89, setWindowRect: true, strictFileInteractability: false, timeouts: {implicit: 0, pageLoad: 300000, script: 30000}, unhandledPromptBehavior: dismiss and notify, webauthn:extension:credBlob: true, webauthn:extension:largeBlob: true, webauthn:extension:minPinLength: true, webauthn:extension:prf: true, webauthn:virtualAuthenticators: true}\nElement: [[ChromeDriver: chrome on windows (23cfbd93bf11f0184812dc1407fe9807)] -> xpath: //div[@data-pw='Workspace Settings']//a[@data-pw='users']]\nSession ID: 23cfbd93bf11f0184812dc1407fe9807","trace":"org.openqa.selenium.StaleElementReferenceException: stale element reference: stale element not found in the current frame\n  (Session info: chrome=127.0.6533.89)\nFor documentation on this error, please visit: https://www.selenium.dev/documentation/webdriver/troubleshooting/errors#stale-element-reference-exception\nBuild info: version: '4.11.0', revision: '040bc5406b'\nSystem info: os.name: 'Windows 11', os.arch: 'amd64', os.version: '10.0', java.version: '22.0.2'\nDriver info: org.openqa.selenium.chrome.ChromeDriver\nCommand: [23cfbd93bf11f0184812dc1407fe9807, clickElement {id=f.9D4170F6DAC17FC86BD274B67827D460.d.00E5CF8184913F605FE1D2D15D08313B.e.42}]\nCapabilities {acceptInsecureCerts: false, browserName: chrome, browserVersion: 127.0.6533.89, chrome: {chromedriverVersion: 127.0.6533.88 (a2d0cb026721..., userDataDir: C:\\Users\\FaizaS\\AppData\\Loc...}, fedcm:accounts: true, goog:chromeOptions: {debuggerAddress: localhost:56272}, networkConnectionEnabled: false, pageLoadStrategy: normal, platformName: windows, proxy: Proxy(), se:cdp: ws://localhost:56272/devtoo..., se:cdpVersion: 127.0.6533.89, setWindowRect: true, strictFileInteractability: false, timeouts: {implicit: 0, pageLoad: 300000, script: 30000}, unhandledPromptBehavior: dismiss and notify, webauthn:extension:credBlob: true, webauthn:extension:largeBlob: true, webauthn:extension:minPinLength: true, webauthn:extension:prf: true, webauthn:virtualAuthenticators: true}\nElement: [[ChromeDriver: chrome on windows (23cfbd93bf11f0184812dc1407fe9807)] -> xpath: //div[@data-pw='Workspace Settings']//a[@data-pw='users']]\nSession ID: 23cfbd93bf11f0184812dc1407fe9807\r\n\tat java.base/jdk.internal.reflect.DirectConstructorHandleAccessor.newInstance(DirectConstructorHandleAccessor.java:62)\r\n\tat java.base/java.lang.reflect.Constructor.newInstanceWithCaller(Constructor.java:502)\r\n\tat java.base/java.lang.reflect.Constructor.newInstance(Constructor.java:486)\r\n\tat org.openqa.selenium.remote.codec.w3c.W3CHttpResponseCodec.createException(W3CHttpResponseCodec.java:200)\r\n\tat org.openqa.selenium.remote.codec.w3c.W3CHttpResponseCodec.decode(W3CHttpResponseCodec.java:133)\r\n\tat org.openqa.selenium.remote.codec.w3c.W3CHttpResponseCodec.decode(W3CHttpResponseCodec.java:52)\r\n\tat org.openqa.selenium.remote.HttpCommandExecutor.execute(HttpCommandExecutor.java:191)\r\n\tat org.openqa.selenium.remote.service.DriverCommandExecutor.invokeExecute(DriverCommandExecutor.java:196)\r\n\tat org.openqa.selenium.remote.service.DriverCommandExecutor.execute(DriverCommandExecutor.java:171)\r\n\tat org.openqa.selenium.remote.RemoteWebDriver.execute(RemoteWebDriver.java:518)\r\n\tat org.openqa.selenium.remote.RemoteWebElement.execute(RemoteWebElement.java:224)\r\n\tat org.openqa.selenium.remote.RemoteWebElement.click(RemoteWebElement.java:77)\r\n\tat Utils.CommonFunctionalities.clickButton(CommonFunctionalities.java:57)\r\n\tat Pages.PageClass.click(PageClass.java:47)\r\n\tat StepDefination.SDClass.userClickOnThe(SDClass.java:85)\r\n\tat ✽.user click on the \"Users\"(file:///C:/Users/FaizaS/Documents/Assessment/Selenium_BDD_Automation_Framework-master/Selenium_BDD_Automation_Framework-master/src/test/resources/Features/Features.feature:16)\r\n"},"stage":"finished","steps":[],"attachments":[],"parameters":[],"start":1722778111023,"stop":1722778112766},{"name":"Then  user click on the \"Add_User\"","status":"skipped","statusDetails":{"known":false,"muted":false,"flaky":false},"stage":"finished","steps":[],"attachments":[],"parameters":[],"start":1722778112767,"stop":1722778112769},{"name":"When  user enter text \"test@yopmail.com\" in \"Email_Address\" field","status":"skipped","statusDetails":{"known":false,"muted":false,"flaky":false},"stage":"finished","steps":[],"attachments":[],"parameters":[],"start":1722778112770,"stop":1722778112770},{"name":"Then  user click on the \"Add\"","status":"skipped","statusDetails":{"known":false,"muted":false,"flaky":false},"stage":"finished","steps":[],"attachments":[],"parameters":[],"start":1722778112770,"stop":1722778112770},{"name":"Then  user click on the \"Revoke_Access\"","status":"skipped","statusDetails":{"known":false,"muted":false,"flaky":false},"stage":"finished","steps":[],"attachments":[],"parameters":[],"start":1722778112771,"stop":1722778112771},{"name":"Then  user click on the \"Revoke_Button\"","status":"skipped","statusDetails":{"known":false,"muted":false,"flaky":false},"stage":"finished","steps":[],"attachments":[],"parameters":[],"start":1722778112771,"stop":1722778112772},{"name":"Then  user click on the \"Profile\"","status":"skipped","statusDetails":{"known":false,"muted":false,"flaky":false},"stage":"finished","steps":[],"attachments":[],"parameters":[],"start":1722778112772,"stop":1722778112773},{"name":"Then  user click on the \"Sign_out\"","status":"skipped","statusDetails":{"known":false,"muted":false,"flaky":false},"stage":"finished","steps":[],"attachments":[],"parameters":[],"start":1722778112773,"stop":1722778112774}],"attachments":[],"parameters":[],"start":1722778108367,"stop":1722778112975,"uuid":"53b6611c-e5df-4af3-b610-75123997be15","historyId":"865d4edcd7650b712060415aa38ea47d","fullName":"Verify User is able to Login on the Website, Add 1 product in the cart and then Checkout: Verify the user is able to Add users","labels":[{"name":"tag","value":"Login"},{"name":"tag","value":"Add-To-Cart"},{"name":"host","value":"Mash-PF4DB93G"},{"name":"thread","value":"35732@Mash-PF4DB93G.main(1)"},{"name":"feature","value":"Verify User is able to Login on the Website, Add 1 product in the cart and then Checkout"},{"name":"story","value":"Verify the user is able to Add users"},{"name":"suite","value":"Verify User is able to Login on the Website, Add 1 product in the cart and then Checkout"},{"name":"testClass","value":"Verify the user is able to Add users"},{"name":"framework","value":"cucumber4jvm"},{"name":"language","value":"java"},{"name":"gherkin_uri","value":"file:///C:/Users/FaizaS/Documents/Assessment/Selenium_BDD_Automation_Framework-master/Selenium_BDD_Automation_Framework-master/src/test/resources/Features/Features.feature"},{"name":"package","value":"src.test.resources.Features.Features_feature.Verify User is able to Login on the Website, Add 1 product in the cart and then Checkout"}],"links":[]}